<?xml version="1.0" encoding="UTF-8" ?>
<testsuite tests="14" failures="0" name="org.w3cloud.orm.datastax.NoCqlTest" time="1.497" errors="0" skipped="0">
  <properties>
    <property name="java.runtime.name" value="Java(TM) SE Runtime Environment"/>
    <property name="sun.boot.library.path" value="C:\Program Files\Java\jdk1.8.0_11\jre\bin"/>
    <property name="java.vm.version" value="25.11-b03"/>
    <property name="java.vm.vendor" value="Oracle Corporation"/>
    <property name="java.vendor.url" value="http://java.oracle.com/"/>
    <property name="path.separator" value=";"/>
    <property name="guice.disable.misplaced.annotation.check" value="true"/>
    <property name="java.vm.name" value="Java HotSpot(TM) 64-Bit Server VM"/>
    <property name="file.encoding.pkg" value="sun.io"/>
    <property name="user.script" value=""/>
    <property name="user.country" value="US"/>
    <property name="sun.java.launcher" value="SUN_STANDARD"/>
    <property name="sun.os.patch.level" value=""/>
    <property name="test" value="datastax.NoCqlTest"/>
    <property name="java.vm.specification.name" value="Java Virtual Machine Specification"/>
    <property name="user.dir" value="C:\Users\Subha\projects\subha-branch\trunk\cassandra-orm"/>
    <property name="java.runtime.version" value="1.8.0_11-b12"/>
    <property name="java.awt.graphicsenv" value="sun.awt.Win32GraphicsEnvironment"/>
    <property name="java.endorsed.dirs" value="C:\Program Files\Java\jdk1.8.0_11\jre\lib\endorsed"/>
    <property name="os.arch" value="amd64"/>
    <property name="java.io.tmpdir" value="C:\Users\Subha\AppData\Local\Temp\"/>
    <property name="line.separator" value="
"/>
    <property name="java.vm.specification.vendor" value="Oracle Corporation"/>
    <property name="user.variant" value=""/>
    <property name="os.name" value="Windows 8.1"/>
    <property name="classworlds.conf" value="C:\Users\Public\apps\apache-maven-3.2.3\bin\..\bin\m2.conf"/>
    <property name="sun.jnu.encoding" value="Cp1252"/>
    <property name="java.library.path" value="C:\Program Files\Java\jdk1.8.0_11\bin;C:\Windows\Sun\Java\bin;C:\Windows\system32;C:\Windows;C:\Users\Public\apps\apache-maven-3.2.3\bin;C:\Program Files\DataStax Community\apache-cassandra\bin;C:\Windows\system32;C:\Windows;C:\Windows\System32\Wbem;C:\Windows\System32\WindowsPowerShell\v1.0\;C:\Program Files (x86)\Bazaar;C:\Users\Public\apps\activator-1.2.3-minimal;C:\Program Files\Java\jdk1.8.0_11\bin;C:\Program Files\MongoDB 2.6 Standard\bin;."/>
    <property name="java.specification.name" value="Java Platform API Specification"/>
    <property name="java.class.version" value="52.0"/>
    <property name="sun.management.compiler" value="HotSpot 64-Bit Tiered Compilers"/>
    <property name="os.version" value="6.3"/>
    <property name="user.home" value="C:\Users\Subha"/>
    <property name="user.timezone" value="America/New_York"/>
    <property name="java.awt.printerjob" value="sun.awt.windows.WPrinterJob"/>
    <property name="java.specification.version" value="1.8"/>
    <property name="file.encoding" value="Cp1252"/>
    <property name="user.name" value="Subha"/>
    <property name="java.class.path" value="C:\Users\Public\apps\apache-maven-3.2.3\bin\..\boot\plexus-classworlds-2.5.1.jar"/>
    <property name="java.vm.specification.version" value="1.8"/>
    <property name="sun.arch.data.model" value="64"/>
    <property name="java.home" value="C:\Program Files\Java\jdk1.8.0_11\jre"/>
    <property name="sun.java.command" value="org.codehaus.plexus.classworlds.launcher.Launcher -Dtest=datastax.NoCqlTest test"/>
    <property name="java.specification.vendor" value="Oracle Corporation"/>
    <property name="user.language" value="en"/>
    <property name="awt.toolkit" value="sun.awt.windows.WToolkit"/>
    <property name="java.vm.info" value="mixed mode"/>
    <property name="java.version" value="1.8.0_11"/>
    <property name="java.ext.dirs" value="C:\Program Files\Java\jdk1.8.0_11\jre\lib\ext;C:\Windows\Sun\Java\lib\ext"/>
    <property name="sun.boot.class.path" value="C:\Program Files\Java\jdk1.8.0_11\jre\lib\resources.jar;C:\Program Files\Java\jdk1.8.0_11\jre\lib\rt.jar;C:\Program Files\Java\jdk1.8.0_11\jre\lib\sunrsasign.jar;C:\Program Files\Java\jdk1.8.0_11\jre\lib\jsse.jar;C:\Program Files\Java\jdk1.8.0_11\jre\lib\jce.jar;C:\Program Files\Java\jdk1.8.0_11\jre\lib\charsets.jar;C:\Program Files\Java\jdk1.8.0_11\jre\lib\jfr.jar;C:\Program Files\Java\jdk1.8.0_11\jre\classes"/>
    <property name="sun.stderr.encoding" value="cp437"/>
    <property name="java.vendor" value="Oracle Corporation"/>
    <property name="maven.home" value="C:\Users\Public\apps\apache-maven-3.2.3\bin\.."/>
    <property name="file.separator" value="\"/>
    <property name="java.vendor.url.bug" value="http://bugreport.sun.com/bugreport/"/>
    <property name="sun.cpu.endian" value="little"/>
    <property name="sun.io.unicode.encoding" value="UnicodeLittle"/>
    <property name="sun.stdout.encoding" value="cp437"/>
    <property name="sun.desktop" value="windows"/>
    <property name="sun.cpu.isalist" value="amd64"/>
  </properties>
  <testcase classname="org.w3cloud.orm.datastax.NoCqlTest" name="testAutoGenUuid" time="0.066"/>
  <testcase classname="org.w3cloud.orm.datastax.NoCqlTest" name="testJavaTypeToCqlTypePassInvalidType" time="0.001"/>
  <testcase classname="org.w3cloud.orm.datastax.NoCqlTest" name="testBuildUpdateCql" time="0.003"/>
  <testcase classname="org.w3cloud.orm.datastax.NoCqlTest" name="testCamelCaseToUnderScore" time="0"/>
  <testcase classname="org.w3cloud.orm.datastax.NoCqlTest" name="testBuildUpdateSetList" time="0.001"/>
  <testcase classname="org.w3cloud.orm.datastax.NoCqlTest" name="testBuildUpdateWhereList" time="0"/>
  <testcase classname="org.w3cloud.orm.datastax.NoCqlTest" name="testJavaTypeToCqlType" time="0.001"/>
  <testcase classname="org.w3cloud.orm.datastax.NoCqlTest" name="testCreateSession1" time="0"/>
  <testcase classname="org.w3cloud.orm.datastax.NoCqlTest" name="testCreateSession2" time="0.513"/>
  <testcase classname="org.w3cloud.orm.datastax.NoCqlTest" name="testCreateSession3" time="0.825"/>
  <testcase classname="org.w3cloud.orm.datastax.NoCqlTest" name="testCreateSession4" time="0.079"/>
  <testcase classname="org.w3cloud.orm.datastax.NoCqlTest" name="testBuildFieldList1" time="0.001"/>
  <testcase classname="org.w3cloud.orm.datastax.NoCqlTest" name="testBuildFieldList2" time="0.004"/>
  <testcase classname="org.w3cloud.orm.datastax.NoCqlTest" name="testBuildIndexCqls1" time="0.003"/>
</testsuite>